Case #1: CJZFF SONVBXRKPSAGMX
Case #2: IR XOPHCQ DTVCRDKGFI
Case #3: AZOLQJ XCW QPWF SHZM
Case #4: CSAEOBQW ZGVBJIU U
Case #5: PE XJWZBAUDRHR   GCO
Case #6: LGGBKEW COVA HXNTY
Case #7: GMACODMKY SWBTBVQG
Case #8: VW SAILXNCFJB I YK
Case #9: GYLHCAMSOLQOPX EVQ
Case #10: S MTAHIEJMQSZFCWNVB
Case #11: UPQCMTWHKPRZKIJNEJ
Case #12: SYIHIBENSRMRMQFWXZP
Case #13: LEW SR GZKOBCFVASFRJ
Case #14: GKBVQFXMYJKOZ N P
Case #15: GMKG BPRSDNFATKJVBYX
Case #16: TBXODCLSQ QVEIAF
Case #17: GNTLPBOZHXEFSW   C Z
Case #18: RRVSKCAP EZJNYDI
Case #19: ABEIYHTUP X OZNMVJ
Case #20: BZHPJQYF JUQWCRO  VE
Case #21: YCBLRDHUSIJD YNEVK O
Case #22: DJNTGSLZHDYQVEVYJRNC
Case #23: BL IFZTIUXQMSCWVU O
Case #24: SU NSCVFI  OQPIHCTKW
Case #25: INAUVMBXZX DETKZLHF
Case #26: A Y EXFJSVRVWOOQHWNC
Case #27: ICAW GTDTLRQVHYMCNEF
Case #28: MQAJN GB CLVWFRKS
Case #29: HUOM  YEQVSTB TYKTQW
Case #30: A AB C
Case #31: WJLSIALFRKXAQ CYL ZT
Case #32: YXKJPVE AMHFIMSLVRM
Case #33: ZYBXIKZPSRVGLOSNDQAF
Case #34: FHIMUDFNJEQ LMSWWVOM
Case #35: MUNYUJJAOFLBGTFCUBR
Case #36: CJY OEHDDLSHPZZNTFM
Case #37: BVUAZP EFLW QTKARGWE
Case #38: NEJWJZIPLCMQSSKPBQ M
Case #39: NJLZSFQA  OMUTEEBHC
Case #40: KZNGDIOJAPVHCMJXUP
Case #41: RBAEVSTVQFPMUJI SK
Case #42: KDA NJUQHXGAISDCZ NV
Case #43: EWRUPSFMUZINQLRZDVBX
Case #44: XOSPBMNF LSVDGWDTILF
Case #45: IKTM MRUE MVKRNJG BH
Case #46: CJTBOEVUNAHWEG JKR
Case #47: YMKIGTWZZSHIQBK DVU
Case #48: RHDBOPMTUY YNHLTNSLC
Case #49: JDGETB A YXINCKQOHV
Case #50: BHBRZNAPVFFLWUEIQXH
Case #51: HP FZVNKORIMLXGMPTV
Case #52: PRAD KYZWCAGGXLROKQH
Case #53: MWDVILQX RREVKSCDG
Case #54: BHVMQEFWKU GYIDMUY
Case #55: QHOVBPSU KDWYCEZYGU
Case #56: DYACYDV OGTMYFIPHL
Case #57: ZEICNDVRFGACLYWG
Case #58: LAGTKU WVAAMRSHCXTR
Case #59: RACFX QDLKJNBKBZMHLH
Case #60: LKQEBRLPGZRDYFIMX  H
Case #61: MKNBWQZG UODYZRAGALE
Case #62: ZCSP HKTJP XLYVEEGW
Case #63: LSWLENINKPHVKQVYMXR
Case #64: COEJ DFIISTFCRVXUEPK
Case #65: IVX  X WUUCFPHZZ MJB
Case #66: JRGNBFWD AMZCHOIARQ
Case #67: LHDUPSLJMB RGGFDYQW
Case #68: LGNKJBIX FQHLYCU
Case #69: YPJAOFL IDNQZRLRNH
Case #70: TZUNHP LQGCWTKQSTSDG
Case #71: AMJZCDOTIFOUISWWRHS
Case #72: MJYRVCXBARGNKBHEDHQ
Case #73: RM  NSEPSLCDVWQJMHJB
Case #74: OAGVCEUX QFKWZNM
Case #75: O  QEWVRQ I YFDJNCKH
Case #76: CTX YQTMSOFAH BIN VZ
Case #77: JEOJ P VAWRZCENTGF
Case #78: FUT XORMLBHHHKY ZJNC
Case #79: JOHNSON
Case #80: QOMDET XRRJAKLOPYB E
Case #81: YFMZOJQPLUCRUEHISN
Case #82: K PNLY ISOWQ  PFTJUX
Case #83: B ZJNOXQMGJACUFSORJD
Case #84: U XRAPJHGWR BKIPQDDC
Case #85: CUIDQWTS FHB PIDNG I
Case #86: AMRIGSQUCIDNLVS WX
Case #87: RTO HVYWB IKEDZASPC
Case #88: LFTUSVQXH WXBJEUGG
Case #89: EUBW KOACTN YMXD R
Case #90: VWNRHBTPCJAKFXWOT W
Case #91: SVXDJIZYH OBWTP
Case #92: EPHZHARSQNTKXDIB TV
Case #93: UZRHABLW DNCGMMYK
Case #94: BNTNHGAIALSDUFLN WXE
Case #95: ADNYWNUODRFVUEZKIQ
Case #96: IEFLXC TMIURVQZVKSP
Case #97: QRZGRXG MOSBCFNLV RT
Case #98: WEA LBD KOAQJYCXBYI
Case #99: WAI IXIGFPJGQLFRD HE
Case #100: JNGUPBS WQABIVCR
